#
# There is insufficient memory for the Java Runtime Environment to continue.
# Native memory allocation (mmap) failed to map 266338304 bytes for Failed to commit area from 0x0000000703e00000 to 0x0000000713c00000 of length 266338304.
# Possible reasons:
#   The system is out of physical RAM or swap space
#   The process is running with CompressedOops enabled, and the Java Heap may be blocking the growth of the native heap
# Possible solutions:
#   Reduce memory load on the system
#   Increase physical memory or swap space
#   Check if swap backing store is full
#   Decrease Java heap size (-Xmx/-Xms)
#   Decrease number of Java threads
#   Decrease Java thread stack sizes (-Xss)
#   Set larger code cache with -XX:ReservedCodeCacheSize=
# This output file may be truncated or incomplete.
#
#  Out of Memory Error (./src/hotspot/os/windows/os_windows.cpp:3301), pid=472, tid=25480
#
# JRE version:  (11.0.11+9) (build )
# Java VM: Dynamic Code Evolution 64-Bit Server VM (11.0.11+9-b1341.57, mixed mode, sharing, tiered, compressed oops, g1 gc, windows-amd64)
# No core dump will be written. Minidumps are not enabled by default on client versions of Windows
#

---------------  S U M M A R Y ------------

Command Line: org.jetbrains.git4idea.http.GitAskPassApp Username for 'https://github.com': 

Host: Intel(R) Core(TM) i5-10500 CPU @ 3.10GHz, 12 cores, 15G,  Windows 10 , 64 bit Build 18362 (10.0.18362.329)
Time: Wed Mar  9 13:09:43 2022 ?D1¨²¡À¨º¡Á?¨º¡À?? elapsed time: 0.006486 seconds (0d 0h 0m 0s)

---------------  T H R E A D  ---------------

Current thread (0x0000020bb1b5c800):  JavaThread "Unknown thread" [_thread_in_vm, id=25480, stack(0x0000003358e00000,0x0000003358f00000)]

Stack: [0x0000003358e00000,0x0000003358f00000]
Native frames: (J=compiled Java code, j=interpreted, Vv=VM code, C=native code)
V  [jvm.dll+0x5fdd0a]
V  [jvm.dll+0x7822a5]
V  [jvm.dll+0x7838bd]
V  [jvm.dll+0x783f73]
V  [jvm.dll+0x245ed8]
V  [jvm.dll+0x5fb104]
V  [jvm.dll+0x5f0065]
V  [jvm.dll+0x302ecb]
V  [jvm.dll+0x302e3a]
V  [jvm.dll+0x302d12]
V  [jvm.dll+0x307c06]
V  [jvm.dll+0x350aa3]
V  [jvm.dll+0x3511a6]
V  [jvm.dll+0x350ba3]
V  [jvm.dll+0x2dca78]
V  [jvm.dll+0x2ddc27]
V  [jvm.dll+0x760907]
V  [jvm.dll+0x76219c]
V  [jvm.dll+0x35e039]
V  [jvm.dll+0x743e8e]
V  [jvm.dll+0x3c69b3]
V  [jvm.dll+0x3c8db1]
C  [jli.dll+0x5373]
C  [ucrtbase.dll+0x20e72]
C  [KERNEL32.DLL+0x17bd4]
C  [ntdll.dll+0x6ced1]


---------------  P R O C E S S  ---------------

Threads class SMR info:
_java_thread_list=0x0000020baf8c5920, length=0, elements={
}

Java Threads: ( => current thread )

Other Threads:
  0x0000020bb1b75000 GCTaskThread "GC Thread#0" [stack: 0x0000003358f00000,0x0000003359000000] [id=9384]
  0x0000020bb1bd0800 ConcurrentGCThread "G1 Main Marker" [stack: 0x0000003359000000,0x0000003359100000] [id=21772]
  0x0000020bb1bd4000 ConcurrentGCThread "G1 Conc#0" [stack: 0x0000003359100000,0x0000003359200000] [id=22184]

[error occurred during error reporting (printing all threads), id 0xc0000005, EXCEPTION_ACCESS_VIOLATION (0xc0000005) at pc=0x00007ff8b707d047]

VM state:not at safepoint (not fully initialized)

VM Mutex/Monitor currently owned by a thread:  ([mutex/lock_event])
[0x0000020bb1b57ed0] Heap_lock - owner thread: 0x0000020bb1b5c800

Heap address: 0x0000000703e00000, size: 4034 MB, Compressed Oops mode: Non-zero based: 0x0000000703e00000
Narrow klass base: 0x0000000000000000, Narrow klass shift: 0

GC Heap History (0 events):
No events

Deoptimization events (0 events):
No events

Classes redefined (0 events):
No events

Internal exceptions (0 events):
No events

Events (1 events):
Event: 0.004 Loaded shared library D:\software\JetBrains\IntelliJ IDEA 2021.1.2\jbr\bin\zip.dll


Dynamic libraries:
0x00007ff645740000 - 0x00007ff64574a000 	D:\software\JetBrains\IntelliJ IDEA 2021.1.2\jbr\bin\java.exe
0x00007ff927ee0000 - 0x00007ff9280d0000 	C:\Windows\SYSTEM32\ntdll.dll
0x00007ff926ac0000 - 0x00007ff926b72000 	C:\Windows\System32\KERNEL32.DLL
0x00007ff925b00000 - 0x00007ff925da3000 	C:\Windows\System32\KERNELBASE.dll
0x00007ff9258e0000 - 0x00007ff9259da000 	C:\Windows\System32\ucrtbase.dll
0x00007ff90d350000 - 0x00007ff90d369000 	D:\software\JetBrains\IntelliJ IDEA 2021.1.2\jbr\bin\jli.dll
0x00007ff915ce0000 - 0x00007ff915cf7000 	D:\software\JetBrains\IntelliJ IDEA 2021.1.2\jbr\bin\VCRUNTIME140.dll
0x00007ff9261d0000 - 0x00007ff926364000 	C:\Windows\System32\USER32.dll
0x00007ff925db0000 - 0x00007ff925dd1000 	C:\Windows\System32\win32u.dll
0x00007ff90ad20000 - 0x00007ff90afa5000 	C:\Windows\WinSxS\amd64_microsoft.windows.common-controls_6595b64144ccf1df_6.0.18362.592_none_e6c0b1911312be02\COMCTL32.dll
0x00007ff926b80000 - 0x00007ff926ba6000 	C:\Windows\System32\GDI32.dll
0x00007ff926750000 - 0x00007ff9267ee000 	C:\Windows\System32\msvcrt.dll
0x00007ff925740000 - 0x00007ff9258d4000 	C:\Windows\System32\gdi32full.dll
0x00007ff925ec0000 - 0x00007ff925f5e000 	C:\Windows\System32\msvcp_win.dll
0x00007ff926410000 - 0x00007ff926746000 	C:\Windows\System32\combase.dll
0x00007ff926050000 - 0x00007ff926170000 	C:\Windows\System32\RPCRT4.dll
0x00007ff925de0000 - 0x00007ff925e60000 	C:\Windows\System32\bcryptPrimitives.dll
0x00007ff927bf0000 - 0x00007ff927c1e000 	C:\Windows\System32\IMM32.DLL
0x00007ff8dbdd0000 - 0x00007ff8dbe6d000 	D:\software\JetBrains\IntelliJ IDEA 2021.1.2\jbr\bin\msvcp140.dll
0x00007ff8b6d90000 - 0x00007ff8b78e3000 	D:\software\JetBrains\IntelliJ IDEA 2021.1.2\jbr\bin\server\jvm.dll
0x00007ff9278c0000 - 0x00007ff927963000 	C:\Windows\System32\ADVAPI32.dll
0x00007ff926370000 - 0x00007ff926407000 	C:\Windows\System32\sechost.dll
0x00007ff925f90000 - 0x00007ff925f98000 	C:\Windows\System32\PSAPI.DLL
0x00007ff915fa0000 - 0x00007ff915fa9000 	C:\Windows\SYSTEM32\WSOCK32.dll
0x00007ff922f20000 - 0x00007ff922f44000 	C:\Windows\SYSTEM32\WINMM.dll
0x00007ff91f2c0000 - 0x00007ff91f2ca000 	C:\Windows\SYSTEM32\VERSION.dll
0x00007ff927cf0000 - 0x00007ff927d5f000 	C:\Windows\System32\WS2_32.dll
0x00007ff922ef0000 - 0x00007ff922f1d000 	C:\Windows\SYSTEM32\WINMMBASE.dll
0x00007ff9259e0000 - 0x00007ff925a2a000 	C:\Windows\System32\cfgmgr32.dll
0x00007ff924dc0000 - 0x00007ff924dd1000 	C:\Windows\System32\kernel.appcore.dll
0x00007ff9107f0000 - 0x00007ff910801000 	D:\software\JetBrains\IntelliJ IDEA 2021.1.2\jbr\bin\verify.dll
0x00007ff90d830000 - 0x00007ff90da24000 	C:\Windows\SYSTEM32\DBGHELP.DLL
0x00007ff90d5a0000 - 0x00007ff90d5ca000 	C:\Windows\SYSTEM32\dbgcore.DLL
0x00007ff90dbd0000 - 0x00007ff90dbf9000 	D:\software\JetBrains\IntelliJ IDEA 2021.1.2\jbr\bin\java.dll
0x00007ff915cd0000 - 0x00007ff915cdb000 	D:\software\JetBrains\IntelliJ IDEA 2021.1.2\jbr\bin\jimage.dll
0x00007ff9107d0000 - 0x00007ff9107e8000 	D:\software\JetBrains\IntelliJ IDEA 2021.1.2\jbr\bin\zip.dll

dbghelp: loaded successfully - version: 4.0.5 - missing functions: none
symbol engine: initialized successfully - sym options: 0x614 - pdb path: .;D:\software\JetBrains\IntelliJ IDEA 2021.1.2\jbr\bin;C:\Windows\SYSTEM32;C:\Windows\WinSxS\amd64_microsoft.windows.common-controls_6595b64144ccf1df_6.0.18362.592_none_e6c0b1911312be02;D:\software\JetBrains\IntelliJ IDEA 2021.1.2\jbr\bin\server

VM Arguments:
java_command: org.jetbrains.git4idea.http.GitAskPassApp Username for 'https://github.com': 
java_class_path (initial): D:/software/JetBrains/IntelliJ IDEA 2021.1.2/plugins/git4idea/lib/git4idea-rt.jar;D:/software/JetBrains/IntelliJ IDEA 2021.1.2/lib/xmlrpc-2.0.1.jar;D:/software/JetBrains/IntelliJ IDEA 2021.1.2/lib/commons-codec-1.15.jar
Launcher Type: SUN_STANDARD

[Global flags]
     intx CICompilerCount                          = 4                                         {product} {ergonomic}
     uint ConcGCThreads                            = 3                                         {product} {ergonomic}
     uint G1ConcRefinementThreads                  = 10                                        {product} {ergonomic}
   size_t G1HeapRegionSize                         = 1048576                                   {product} {ergonomic}
    uintx GCDrainStackTargetSize                   = 64                                        {product} {ergonomic}
   size_t InitialHeapSize                          = 266338304                                 {product} {ergonomic}
   size_t MarkStackSize                            = 4194304                                   {product} {ergonomic}
   size_t MaxHeapSize                              = 4229955584                                {product} {ergonomic}
   size_t MinHeapDeltaBytes                        = 1048576                                   {product} {ergonomic}
    uintx NonNMethodCodeHeapSize                   = 5836300                                {pd product} {ergonomic}
    uintx NonProfiledCodeHeapSize                  = 122910970                              {pd product} {ergonomic}
    uintx ProfiledCodeHeapSize                     = 122910970                              {pd product} {ergonomic}
    uintx ReservedCodeCacheSize                    = 251658240                              {pd product} {ergonomic}
     bool SegmentedCodeCache                       = true                                      {product} {ergonomic}
     bool UseCompressedClassPointers               = true                                 {lp64_product} {ergonomic}
     bool UseCompressedOops                        = true                                 {lp64_product} {ergonomic}
     bool UseG1GC                                  = true                                      {product} {ergonomic}
     bool UseLargePagesIndividualAllocation        = false                                  {pd product} {ergonomic}

Logging:
Log output configuration:
 #0: stdout all=warning uptime,level,tags
 #1: stderr all=off uptime,level,tags

Environment Variables:
JAVA_HOME=D:\software\Java\jdk1.8.0_291
PATH=D:/software/Git/mingw64/libexec/git-core;D:/software/Git/mingw64/libexec/git-core;D:\software\Git\mingw64\bin;D:\software\Git\usr\bin;C:\Users\gumingchen\bin;C:\Program Files (x86)\Common Files\Oracle\Java\javapath;C:\Windows\system32;C:\Windows;C:\Windows\System32\Wbem;C:\Windows\System32\WindowsPowerShell\v1.0\;C:\Windows\System32\OpenSSH\;D:\software\nvm;D:\software\nvm\nodejs;D:\software\Git\cmd;D:\software\maven\apache-maven-3.8.1\bin;D:\software\Java\jdk1.8.0_291\bin;D:\software\Java\jdk1.8.0_291\jre\bin;C:\Users\gumingchen\AppData\Local\Microsoft\WindowsApps;D:\software\Microsoft VS Code\bin;D:\software\Fiddler;C:\Users\gumingchen\AppData\Local\GitHubDesktop\bin
USERNAME=gumingchen
DISPLAY=:0.0
LC_ALL=en_US.UTF-8
OS=Windows_NT
PROCESSOR_IDENTIFIER=Intel64 Family 6 Model 165 Stepping 3, GenuineIntel



---------------  S Y S T E M  ---------------

OS: Windows 10 , 64 bit Build 18362 (10.0.18362.329)
OS uptime: 2 days 5:18 hours

CPU:total 12 (initial active 12) (6 cores per cpu, 2 threads per core) family 6 model 165 stepping 3 microcode 0xcc, cmov, cx8, fxsr, mmx, sse, sse2, sse3, ssse3, sse4.1, sse4.2, popcnt, avx, avx2, aes, clmul, erms, 3dnowpref, lzcnt, ht, tsc, tscinvbit, bmi1, bmi2, adx, fma

Memory: 4k page, system-wide physical 16131M (3178M free)
TotalPageFile size 28931M (AvailPageFile size 198M)
current process WorkingSet (physical memory assigned to process): 10M, peak: 10M
current process commit charge ("private bytes"): 64M, peak: 318M

vm_info: Dynamic Code Evolution 64-Bit Server VM (11.0.11+9-b1341.57) for windows-amd64 JRE (11.0.11+9-b1341.57), built on May 17 2021 14:09:08 by "" with MS VC++ 14.0 (VS2015)

END.
